<?xml version="1.0" encoding="UTF-8"?>
<!-- Generated by org.testng.reporters.JUnitXMLReporter -->
<testsuite hostname="senthilvenu" ignored="2" name="Test" tests="2" failures="0" timestamp="17 Jan 2018 04:17:42 GMT" time="27.758" errors="0">
  <testcase name="login" time="0.025" classname="Testing.Testing"/>
  <testcase name="Creditcard" time="27.619" classname="Testing.Testing"/>
  <testcase name="Deposit" time="0.0" classname="Testing.Testing">
    <ignored/>
  </testcase> <!-- Deposit -->
  <testcase name="Consuerloan" time="0.0" classname="Testing.Testing">
    <ignored/>
  </testcase> <!-- Consuerloan -->
</testsuite> <!-- Test -->
