<?xml version="1.0" encoding="UTF-8"?>
<testng-results skipped="0" failed="0" ignored="0" total="4" passed="4">
  <reporter-output>
  </reporter-output>
  <suite name="Default suite" duration-ms="133" started-at="2021-07-27T20:22:02Z" finished-at="2021-07-27T20:22:02Z">
    <groups>
    </groups>
    <test name="Default test" duration-ms="133" started-at="2021-07-27T20:22:02Z" finished-at="2021-07-27T20:22:02Z">
      <class name="Testing.TestingSample">
        <test-method status="PASS" signature="ATestConsuerloan()[pri:0, instance:Testing.TestingSample@4b1c1ea0]" name="ATestConsuerloan" duration-ms="29" started-at="2021-07-27T16:22:02Z" finished-at="2021-07-27T16:22:02Z">
          <reporter-output>
          </reporter-output>
        </test-method> <!-- ATestConsuerloan -->
        <test-method status="PASS" signature="BTestCreditcard()[pri:0, instance:Testing.TestingSample@4b1c1ea0]" name="BTestCreditcard" duration-ms="8" started-at="2021-07-27T16:22:02Z" finished-at="2021-07-27T16:22:02Z">
          <reporter-output>
          </reporter-output>
        </test-method> <!-- BTestCreditcard -->
        <test-method status="PASS" signature="STestDeposit()[pri:0, instance:Testing.TestingSample@4b1c1ea0]" name="STestDeposit" duration-ms="7" started-at="2021-07-27T16:22:02Z" finished-at="2021-07-27T16:22:02Z">
          <reporter-output>
          </reporter-output>
        </test-method> <!-- STestDeposit -->
        <test-method status="PASS" signature="Testlogin()[pri:0, instance:Testing.TestingSample@4b1c1ea0]" name="Testlogin" duration-ms="3" started-at="2021-07-27T16:22:02Z" finished-at="2021-07-27T16:22:02Z">
          <reporter-output>
          </reporter-output>
        </test-method> <!-- Testlogin -->
      </class> <!-- Testing.TestingSample -->
    </test> <!-- Default test -->
  </suite> <!-- Default suite -->
</testng-results>
