<?xml version="1.0" encoding="UTF-8"?>
<testng-results skipped="0" failed="0" total="2" passed="2">
  <reporter-output>
  </reporter-output>
  <suite name="Suite" duration-ms="21724" started-at="2018-01-13T07:16:25Z" finished-at="2018-01-13T07:16:47Z">
    <groups>
      <group name="Creditcard">
        <method signature="Testing.Creditcard(java.lang.String)[pri:0, instance:Testing.Testing@4ca8195f]" name="Creditcard" class="Testing.Testing"/>
      </group> <!-- Creditcard -->
      <group name="login">
        <method signature="Testing.login()[pri:0, instance:Testing.Testing@4ca8195f]" name="login" class="Testing.Testing"/>
      </group> <!-- login -->
    </groups>
    <test name="Test" duration-ms="21724" started-at="2018-01-13T07:16:25Z" finished-at="2018-01-13T07:16:47Z">
      <class name="Testing.Testing">
        <test-method status="PASS" signature="login()[pri:0, instance:Testing.Testing@4ca8195f]" name="login" duration-ms="15" started-at="2018-01-13T01:16:25Z" finished-at="2018-01-13T01:16:25Z">
          <reporter-output>
          </reporter-output>
        </test-method> <!-- login -->
        <test-method status="PASS" signature="Creditcard(java.lang.String)[pri:0, instance:Testing.Testing@4ca8195f]" name="Creditcard" duration-ms="21693" started-at="2018-01-13T01:16:25Z" finished-at="2018-01-13T01:16:47Z">
          <params>
            <param index="0">
              <value>
                <![CDATA[Testing]]>
              </value>
            </param>
          </params>
          <reporter-output>
          </reporter-output>
        </test-method> <!-- Creditcard -->
      </class> <!-- Testing.Testing -->
    </test> <!-- Test -->
  </suite> <!-- Suite -->
</testng-results>
